
      14 ace_rothdev/20000715_AFP_ARB_0072_ENG.ssent
      14 ace_rothdev/20000715_AFP_ARB_0072_ENG.lsent
      14 ace_rothdev/20000715_AFP_ARB_0072_ENG.l2sent
      42 total

       9 ace_rothdev/20000815_AFP_ARB_0071_ENG.ssent
       9 ace_rothdev/20000815_AFP_ARB_0071_ENG.lsent
       9 ace_rothdev/20000815_AFP_ARB_0071_ENG.l2sent
      27 total

       8 ace_rothdev/20001015_AFP_ARB_0053_ENG.ssent
       8 ace_rothdev/20001015_AFP_ARB_0053_ENG.lsent
       8 ace_rothdev/20001015_AFP_ARB_0053_ENG.l2sent
      24 total

       3 ace_rothdev/20001015_AFP_ARB_0229_ENG.ssent
       3 ace_rothdev/20001015_AFP_ARB_0229_ENG.lsent
       3 ace_rothdev/20001015_AFP_ARB_0229_ENG.l2sent
       9 total

       6 ace_rothdev/20001115_AFP_ARB_0013_ENG.ssent
       6 ace_rothdev/20001115_AFP_ARB_0013_ENG.lsent
       6 ace_rothdev/20001115_AFP_ARB_0013_ENG.l2sent
      18 total

       7 ace_rothdev/20001115_AFP_ARB_0030_ENG.ssent
       7 ace_rothdev/20001115_AFP_ARB_0030_ENG.lsent
       7 ace_rothdev/20001115_AFP_ARB_0030_ENG.l2sent
      21 total

      16 ace_rothdev/20001115_AFP_ARB_0060_ENG.ssent
      16 ace_rothdev/20001115_AFP_ARB_0060_ENG.lsent
      16 ace_rothdev/20001115_AFP_ARB_0060_ENG.l2sent
      48 total

       3 ace_rothdev/20001115_AFP_ARB_0061_ENG.ssent
       3 ace_rothdev/20001115_AFP_ARB_0061_ENG.lsent
       3 ace_rothdev/20001115_AFP_ARB_0061_ENG.l2sent
       9 total

      10 ace_rothdev/20001115_AFP_ARB_0065_ENG.ssent
      10 ace_rothdev/20001115_AFP_ARB_0065_ENG.lsent
      10 ace_rothdev/20001115_AFP_ARB_0065_ENG.l2sent
      30 total

       5 ace_rothdev/20001115_AFP_ARB_0072_ENG.ssent
       5 ace_rothdev/20001115_AFP_ARB_0072_ENG.lsent
       5 ace_rothdev/20001115_AFP_ARB_0072_ENG.l2sent
      15 total

       9 ace_rothdev/20001115_AFP_ARB_0089_ENG.ssent
       9 ace_rothdev/20001115_AFP_ARB_0089_ENG.lsent
       9 ace_rothdev/20001115_AFP_ARB_0089_ENG.l2sent
      27 total

       9 ace_rothdev/20001115_AFP_ARB_0093_ENG.ssent
       9 ace_rothdev/20001115_AFP_ARB_0093_ENG.lsent
       9 ace_rothdev/20001115_AFP_ARB_0093_ENG.l2sent
      27 total

      10 ace_rothdev/20001115_AFP_ARB_0184_ENG.ssent
      10 ace_rothdev/20001115_AFP_ARB_0184_ENG.lsent
      10 ace_rothdev/20001115_AFP_ARB_0184_ENG.l2sent
      30 total

       1 ace_rothdev/20001115_AFP_ARB_0210_ENG.ssent
       1 ace_rothdev/20001115_AFP_ARB_0210_ENG.lsent
       1 ace_rothdev/20001115_AFP_ARB_0210_ENG.l2sent
       3 total

       5 ace_rothdev/20001115_AFP_ARB_0212_ENG.ssent
       5 ace_rothdev/20001115_AFP_ARB_0212_ENG.lsent
       5 ace_rothdev/20001115_AFP_ARB_0212_ENG.l2sent
      15 total

       6 ace_rothdev/20001115_AFP_ARB_0217_ENG.ssent
       6 ace_rothdev/20001115_AFP_ARB_0217_ENG.lsent
       6 ace_rothdev/20001115_AFP_ARB_0217_ENG.l2sent
      18 total

       5 ace_rothdev/ABC20001128_1830_0646.ssent
       1 ace_rothdev/ABC20001128_1830_0646.lsent
       1 ace_rothdev/ABC20001128_1830_0646.l2sent
       7 total

      22 ace_rothdev/APW20001001_2021_0521.ssent
      22 ace_rothdev/APW20001001_2021_0521.lsent
      22 ace_rothdev/APW20001001_2021_0521.l2sent
      66 total

      15 ace_rothdev/APW20001002_0615_0146.ssent
      16 ace_rothdev/APW20001002_0615_0146.lsent
      16 ace_rothdev/APW20001002_0615_0146.l2sent
      47 total

      28 ace_rothdev/APW20001016_1325_0321.ssent
      27 ace_rothdev/APW20001016_1325_0321.lsent
      27 ace_rothdev/APW20001016_1325_0321.l2sent
      82 total

      30 ace_rothdev/APW20001017_1313_0396.ssent
      30 ace_rothdev/APW20001017_1313_0396.lsent
      30 ace_rothdev/APW20001017_1313_0396.l2sent
      90 total

      10 ace_rothdev/APW20001022_1735_0376.ssent
      10 ace_rothdev/APW20001022_1735_0376.lsent
      10 ace_rothdev/APW20001022_1735_0376.l2sent
      30 total

      23 ace_rothdev/APW20001023_2100_0686.ssent
      23 ace_rothdev/APW20001023_2100_0686.lsent
      23 ace_rothdev/APW20001023_2100_0686.l2sent
      69 total

       4 ace_rothdev/APW20001102_1223_0376.ssent
       4 ace_rothdev/APW20001102_1223_0376.lsent
       4 ace_rothdev/APW20001102_1223_0376.l2sent
      12 total

      10 ace_rothdev/APW20001120_1450_0376.ssent
      10 ace_rothdev/APW20001120_1450_0376.lsent
      10 ace_rothdev/APW20001120_1450_0376.l2sent
      30 total

      22 ace_rothdev/APW20001127_1346_0419.ssent
      22 ace_rothdev/APW20001127_1346_0419.lsent
      22 ace_rothdev/APW20001127_1346_0419.l2sent
      66 total

      19 ace_rothdev/APW20001130_2108_0849.ssent
      18 ace_rothdev/APW20001130_2108_0849.lsent
      18 ace_rothdev/APW20001130_2108_0849.l2sent
      55 total

      17 ace_rothdev/APW20001202_0257_0120.ssent
      17 ace_rothdev/APW20001202_0257_0120.lsent
      17 ace_rothdev/APW20001202_0257_0120.l2sent
      51 total

      16 ace_rothdev/APW20001203_1456_0329.ssent
      16 ace_rothdev/APW20001203_1456_0329.lsent
      16 ace_rothdev/APW20001203_1456_0329.l2sent
      48 total

      38 ace_rothdev/APW20001207_2118_0838.ssent
      37 ace_rothdev/APW20001207_2118_0838.lsent
      37 ace_rothdev/APW20001207_2118_0838.l2sent
     112 total

      22 ace_rothdev/APW20001208_1126_0362.ssent
      22 ace_rothdev/APW20001208_1126_0362.lsent
      22 ace_rothdev/APW20001208_1126_0362.l2sent
      66 total

      20 ace_rothdev/APW20001211_0507_0196.ssent
      20 ace_rothdev/APW20001211_0507_0196.lsent
      20 ace_rothdev/APW20001211_0507_0196.l2sent
      60 total

      12 ace_rothdev/APW20001216_2012_0590.ssent
      12 ace_rothdev/APW20001216_2012_0590.lsent
      12 ace_rothdev/APW20001216_2012_0590.l2sent
      36 total

      15 ace_rothdev/APW20001218_2221_0727.ssent
      14 ace_rothdev/APW20001218_2221_0727.lsent
      14 ace_rothdev/APW20001218_2221_0727.l2sent
      43 total

      11 ace_rothdev/APW20001219_1316_0416.ssent
      11 ace_rothdev/APW20001219_1316_0416.lsent
      11 ace_rothdev/APW20001219_1316_0416.l2sent
      33 total

      37 ace_rothdev/APW20001225_2035_0477.ssent
      35 ace_rothdev/APW20001225_2035_0477.lsent
      35 ace_rothdev/APW20001225_2035_0477.l2sent
     107 total

      12 ace_rothdev/CHTB_165_ENG.ssent
      11 ace_rothdev/CHTB_165_ENG.lsent
      11 ace_rothdev/CHTB_165_ENG.l2sent
      34 total

       5 ace_rothdev/CHTB_171_ENG.ssent
       5 ace_rothdev/CHTB_171_ENG.lsent
       5 ace_rothdev/CHTB_171_ENG.l2sent
      15 total

       7 ace_rothdev/CHTB_227_ENG.ssent
       6 ace_rothdev/CHTB_227_ENG.lsent
       6 ace_rothdev/CHTB_227_ENG.l2sent
      19 total

      22 ace_rothdev/CHTB_267_ENG.ssent
      20 ace_rothdev/CHTB_267_ENG.lsent
      20 ace_rothdev/CHTB_267_ENG.l2sent
      62 total

      14 ace_rothdev/CNN20001203_0900_0606.ssent
       1 ace_rothdev/CNN20001203_0900_0606.lsent
       1 ace_rothdev/CNN20001203_0900_0606.l2sent
      16 total

       8 ace_rothdev/CNN20001204_1400_0906.ssent
       1 ace_rothdev/CNN20001204_1400_0906.lsent
       1 ace_rothdev/CNN20001204_1400_0906.l2sent
      10 total

       6 ace_rothdev/CNN20001205_1400_0960.ssent
       0 ace_rothdev/CNN20001205_1400_0960.lsent
       0 ace_rothdev/CNN20001205_1400_0960.l2sent
       6 total

       4 ace_rothdev/CNN20001214_1400_0609.ssent
       1 ace_rothdev/CNN20001214_1400_0609.lsent
       1 ace_rothdev/CNN20001214_1400_0609.l2sent
       6 total

      16 ace_rothdev/CNN20001217_1400_0883.ssent
       1 ace_rothdev/CNN20001217_1400_0883.lsent
       1 ace_rothdev/CNN20001217_1400_0883.l2sent
      18 total

      18 ace_rothdev/CNN20001219_1400_1513.ssent
       5 ace_rothdev/CNN20001219_1400_1513.lsent
       5 ace_rothdev/CNN20001219_1400_1513.l2sent
      28 total

      21 ace_rothdev/MNB20001102_2100_2766.ssent
       1 ace_rothdev/MNB20001102_2100_2766.lsent
       1 ace_rothdev/MNB20001102_2100_2766.l2sent
      23 total

      40 ace_rothdev/MNB20001103_2100_0996.ssent
       1 ace_rothdev/MNB20001103_2100_0996.lsent
       2 ace_rothdev/MNB20001103_2100_0996.l2sent
      43 total

      17 ace_rothdev/NBC20001008_1830_0203.ssent
       1 ace_rothdev/NBC20001008_1830_0203.lsent
       1 ace_rothdev/NBC20001008_1830_0203.l2sent
      19 total

      45 ace_rothdev/NBC20001026_1830_0047.ssent
       1 ace_rothdev/NBC20001026_1830_0047.lsent
       1 ace_rothdev/NBC20001026_1830_0047.l2sent
      47 total

      26 ace_rothdev/NYT20001002_1754_0290.ssent
      26 ace_rothdev/NYT20001002_1754_0290.lsent
      26 ace_rothdev/NYT20001002_1754_0290.l2sent
      78 total

      27 ace_rothdev/NYT20001101_2212_0429.ssent
      27 ace_rothdev/NYT20001101_2212_0429.lsent
      27 ace_rothdev/NYT20001101_2212_0429.l2sent
      81 total

      28 ace_rothdev/NYT20001106_1705_0187.ssent
      27 ace_rothdev/NYT20001106_1705_0187.lsent
      27 ace_rothdev/NYT20001106_1705_0187.l2sent
      82 total

      44 ace_rothdev/NYT20001109_1946_0315.ssent
      43 ace_rothdev/NYT20001109_1946_0315.lsent
      43 ace_rothdev/NYT20001109_1946_0315.l2sent
     130 total

      28 ace_rothdev/NYT20001123_1511_0062.ssent
      10 ace_rothdev/NYT20001123_1511_0062.lsent
      10 ace_rothdev/NYT20001123_1511_0062.l2sent
      48 total

      36 ace_rothdev/NYT20001124_2050_0257.ssent
      36 ace_rothdev/NYT20001124_2050_0257.lsent
      36 ace_rothdev/NYT20001124_2050_0257.l2sent
     108 total

      32 ace_rothdev/NYT20001125_1558_0117.ssent
      32 ace_rothdev/NYT20001125_1558_0117.lsent
      32 ace_rothdev/NYT20001125_1558_0117.l2sent
      96 total

      27 ace_rothdev/NYT20001129_2040_0383.ssent
      26 ace_rothdev/NYT20001129_2040_0383.lsent
      26 ace_rothdev/NYT20001129_2040_0383.l2sent
      79 total

      60 ace_rothdev/NYT20001217_2241_0165.ssent
      58 ace_rothdev/NYT20001217_2241_0165.lsent
      58 ace_rothdev/NYT20001217_2241_0165.l2sent
     176 total

      11 ace_rothdev/PRI20001031_2000_1824.ssent
      10 ace_rothdev/PRI20001031_2000_1824.lsent
      11 ace_rothdev/PRI20001031_2000_1824.l2sent
      32 total

       4 ace_rothdev/PRI20001122_2000_0320.ssent
       4 ace_rothdev/PRI20001122_2000_0320.lsent
       4 ace_rothdev/PRI20001122_2000_0320.l2sent
      12 total

      31 ace_rothdev/PRI20001128_2000_0055.ssent
      24 ace_rothdev/PRI20001128_2000_0055.lsent
      31 ace_rothdev/PRI20001128_2000_0055.l2sent
      86 total

      10 ace_rothdev/PRI20001201_2000_1828.ssent
       4 ace_rothdev/PRI20001201_2000_1828.lsent
      10 ace_rothdev/PRI20001201_2000_1828.l2sent
      24 total

       2 ace_rothdev/VOA20001020_2100_1853.ssent
       2 ace_rothdev/VOA20001020_2100_1853.lsent
       2 ace_rothdev/VOA20001020_2100_1853.l2sent
       6 total

      32 ace_rothdev/VOA20001129_2000_0364.ssent
      26 ace_rothdev/VOA20001129_2000_0364.lsent
      32 ace_rothdev/VOA20001129_2000_0364.l2sent
      90 total

       7 ace_rothdev/VOA20001208_2000_1275.ssent
       7 ace_rothdev/VOA20001208_2000_1275.lsent
       7 ace_rothdev/VOA20001208_2000_1275.l2sent
      21 total

      10 ace_rothdev/VOA20001220_2000_0060.ssent
       8 ace_rothdev/VOA20001220_2000_0060.lsent
      10 ace_rothdev/VOA20001220_2000_0060.l2sent
      28 total

       4 ace_rothdev/VOA20001223_2000_0139.ssent
       4 ace_rothdev/VOA20001223_2000_0139.lsent
       4 ace_rothdev/VOA20001223_2000_0139.l2sent
      12 total
