
      14 ace_rothdev/20000715_AFP_ARB_0072_ENG.ssent
      14 ace_rothdev/20000715_AFP_ARB_0072_ENG.l3sent

       9 ace_rothdev/20000815_AFP_ARB_0071_ENG.ssent
       9 ace_rothdev/20000815_AFP_ARB_0071_ENG.l3sent

       8 ace_rothdev/20001015_AFP_ARB_0053_ENG.ssent
       8 ace_rothdev/20001015_AFP_ARB_0053_ENG.l3sent

       3 ace_rothdev/20001015_AFP_ARB_0229_ENG.ssent
       3 ace_rothdev/20001015_AFP_ARB_0229_ENG.l3sent

       6 ace_rothdev/20001115_AFP_ARB_0013_ENG.ssent
       6 ace_rothdev/20001115_AFP_ARB_0013_ENG.l3sent

       7 ace_rothdev/20001115_AFP_ARB_0030_ENG.ssent
       7 ace_rothdev/20001115_AFP_ARB_0030_ENG.l3sent

      16 ace_rothdev/20001115_AFP_ARB_0060_ENG.ssent
      16 ace_rothdev/20001115_AFP_ARB_0060_ENG.l3sent

       3 ace_rothdev/20001115_AFP_ARB_0061_ENG.ssent
       3 ace_rothdev/20001115_AFP_ARB_0061_ENG.l3sent

      10 ace_rothdev/20001115_AFP_ARB_0065_ENG.ssent
      10 ace_rothdev/20001115_AFP_ARB_0065_ENG.l3sent

       5 ace_rothdev/20001115_AFP_ARB_0072_ENG.ssent
       5 ace_rothdev/20001115_AFP_ARB_0072_ENG.l3sent

       9 ace_rothdev/20001115_AFP_ARB_0089_ENG.ssent
       9 ace_rothdev/20001115_AFP_ARB_0089_ENG.l3sent

       9 ace_rothdev/20001115_AFP_ARB_0093_ENG.ssent
       9 ace_rothdev/20001115_AFP_ARB_0093_ENG.l3sent

      10 ace_rothdev/20001115_AFP_ARB_0184_ENG.ssent
      10 ace_rothdev/20001115_AFP_ARB_0184_ENG.l3sent

       1 ace_rothdev/20001115_AFP_ARB_0210_ENG.ssent
       1 ace_rothdev/20001115_AFP_ARB_0210_ENG.l3sent

       5 ace_rothdev/20001115_AFP_ARB_0212_ENG.ssent
       5 ace_rothdev/20001115_AFP_ARB_0212_ENG.l3sent

       6 ace_rothdev/20001115_AFP_ARB_0217_ENG.ssent
       6 ace_rothdev/20001115_AFP_ARB_0217_ENG.l3sent

       5 ace_rothdev/ABC20001128_1830_0646.ssent
       5 ace_rothdev/ABC20001128_1830_0646.l3sent

      22 ace_rothdev/APW20001001_2021_0521.ssent
      22 ace_rothdev/APW20001001_2021_0521.l3sent

      15 ace_rothdev/APW20001002_0615_0146.ssent
      16 ace_rothdev/APW20001002_0615_0146.l3sent

      28 ace_rothdev/APW20001016_1325_0321.ssent
      28 ace_rothdev/APW20001016_1325_0321.l3sent

      30 ace_rothdev/APW20001017_1313_0396.ssent
      30 ace_rothdev/APW20001017_1313_0396.l3sent

      10 ace_rothdev/APW20001022_1735_0376.ssent
      10 ace_rothdev/APW20001022_1735_0376.l3sent

      23 ace_rothdev/APW20001023_2100_0686.ssent
      23 ace_rothdev/APW20001023_2100_0686.l3sent

       4 ace_rothdev/APW20001102_1223_0376.ssent
       4 ace_rothdev/APW20001102_1223_0376.l3sent

      10 ace_rothdev/APW20001120_1450_0376.ssent
      10 ace_rothdev/APW20001120_1450_0376.l3sent

      22 ace_rothdev/APW20001127_1346_0419.ssent
      22 ace_rothdev/APW20001127_1346_0419.l3sent

      19 ace_rothdev/APW20001130_2108_0849.ssent
      18 ace_rothdev/APW20001130_2108_0849.l3sent

      17 ace_rothdev/APW20001202_0257_0120.ssent
      17 ace_rothdev/APW20001202_0257_0120.l3sent

      16 ace_rothdev/APW20001203_1456_0329.ssent
      16 ace_rothdev/APW20001203_1456_0329.l3sent

      38 ace_rothdev/APW20001207_2118_0838.ssent
      38 ace_rothdev/APW20001207_2118_0838.l3sent

      22 ace_rothdev/APW20001208_1126_0362.ssent
      22 ace_rothdev/APW20001208_1126_0362.l3sent

      20 ace_rothdev/APW20001211_0507_0196.ssent
      20 ace_rothdev/APW20001211_0507_0196.l3sent

      12 ace_rothdev/APW20001216_2012_0590.ssent
      12 ace_rothdev/APW20001216_2012_0590.l3sent

      15 ace_rothdev/APW20001218_2221_0727.ssent
      15 ace_rothdev/APW20001218_2221_0727.l3sent

      11 ace_rothdev/APW20001219_1316_0416.ssent
      11 ace_rothdev/APW20001219_1316_0416.l3sent

      37 ace_rothdev/APW20001225_2035_0477.ssent
      36 ace_rothdev/APW20001225_2035_0477.l3sent

      12 ace_rothdev/CHTB_165_ENG.ssent
      12 ace_rothdev/CHTB_165_ENG.l3sent

       5 ace_rothdev/CHTB_171_ENG.ssent
       5 ace_rothdev/CHTB_171_ENG.l3sent

       7 ace_rothdev/CHTB_227_ENG.ssent
       7 ace_rothdev/CHTB_227_ENG.l3sent

      22 ace_rothdev/CHTB_267_ENG.ssent
      21 ace_rothdev/CHTB_267_ENG.l3sent

      14 ace_rothdev/CNN20001203_0900_0606.ssent
      14 ace_rothdev/CNN20001203_0900_0606.l3sent

       8 ace_rothdev/CNN20001204_1400_0906.ssent
       8 ace_rothdev/CNN20001204_1400_0906.l3sent

       6 ace_rothdev/CNN20001205_1400_0960.ssent
       6 ace_rothdev/CNN20001205_1400_0960.l3sent

       4 ace_rothdev/CNN20001214_1400_0609.ssent
       4 ace_rothdev/CNN20001214_1400_0609.l3sent

      16 ace_rothdev/CNN20001217_1400_0883.ssent
      18 ace_rothdev/CNN20001217_1400_0883.l3sent

      18 ace_rothdev/CNN20001219_1400_1513.ssent
      19 ace_rothdev/CNN20001219_1400_1513.l3sent

      21 ace_rothdev/MNB20001102_2100_2766.ssent
      21 ace_rothdev/MNB20001102_2100_2766.l3sent

      40 ace_rothdev/MNB20001103_2100_0996.ssent
      40 ace_rothdev/MNB20001103_2100_0996.l3sent

      17 ace_rothdev/NBC20001008_1830_0203.ssent
      17 ace_rothdev/NBC20001008_1830_0203.l3sent

      45 ace_rothdev/NBC20001026_1830_0047.ssent
      46 ace_rothdev/NBC20001026_1830_0047.l3sent

      26 ace_rothdev/NYT20001002_1754_0290.ssent
      26 ace_rothdev/NYT20001002_1754_0290.l3sent

      27 ace_rothdev/NYT20001101_2212_0429.ssent
      27 ace_rothdev/NYT20001101_2212_0429.l3sent

      28 ace_rothdev/NYT20001106_1705_0187.ssent
      27 ace_rothdev/NYT20001106_1705_0187.l3sent

      44 ace_rothdev/NYT20001109_1946_0315.ssent
      43 ace_rothdev/NYT20001109_1946_0315.l3sent

      28 ace_rothdev/NYT20001123_1511_0062.ssent
      11 ace_rothdev/NYT20001123_1511_0062.l3sent

      36 ace_rothdev/NYT20001124_2050_0257.ssent
      36 ace_rothdev/NYT20001124_2050_0257.l3sent

      32 ace_rothdev/NYT20001125_1558_0117.ssent
      32 ace_rothdev/NYT20001125_1558_0117.l3sent

      27 ace_rothdev/NYT20001129_2040_0383.ssent
      26 ace_rothdev/NYT20001129_2040_0383.l3sent

      60 ace_rothdev/NYT20001217_2241_0165.ssent
      59 ace_rothdev/NYT20001217_2241_0165.l3sent

      11 ace_rothdev/PRI20001031_2000_1824.ssent
      11 ace_rothdev/PRI20001031_2000_1824.l3sent

       4 ace_rothdev/PRI20001122_2000_0320.ssent
       4 ace_rothdev/PRI20001122_2000_0320.l3sent

      31 ace_rothdev/PRI20001128_2000_0055.ssent
      31 ace_rothdev/PRI20001128_2000_0055.l3sent

      10 ace_rothdev/PRI20001201_2000_1828.ssent
      10 ace_rothdev/PRI20001201_2000_1828.l3sent

       2 ace_rothdev/VOA20001020_2100_1853.ssent
       2 ace_rothdev/VOA20001020_2100_1853.l3sent

      32 ace_rothdev/VOA20001129_2000_0364.ssent
      32 ace_rothdev/VOA20001129_2000_0364.l3sent

       7 ace_rothdev/VOA20001208_2000_1275.ssent
       7 ace_rothdev/VOA20001208_2000_1275.l3sent

      10 ace_rothdev/VOA20001220_2000_0060.ssent
      10 ace_rothdev/VOA20001220_2000_0060.l3sent

       4 ace_rothdev/VOA20001223_2000_0139.ssent
       4 ace_rothdev/VOA20001223_2000_0139.l3sent
